This is pdfTeX, Version 3.141592653-2.6-1.40.25 (TeX Live 2023) (preloaded format=pdflatex 2023.9.27)  4 JUN 2024 12:15
entering extended mode
 restricted \write18 enabled.
 file:line:error style messages enabled.
 %&-line parsing enabled.
**/Users/ajandera/Public/fberg/mpr_exam-1/mpr.tex
(/Users/ajandera/Public/fberg/mpr_exam-1/mpr.tex
LaTeX2e <2022-11-01> patch level 1
L3 programming layer <2023-02-22> (/usr/local/texlive/2023/texmf-dist/tex/latex/base/article.cls
Document Class: article 2022/07/02 v1.4n Standard LaTeX document class
(/usr/local/texlive/2023/texmf-dist/tex/latex/base/size12.clo
File: size12.clo 2022/07/02 v1.4n Standard LaTeX file (size option)
)
\c@part=\count185
\c@section=\count186
\c@subsection=\count187
\c@subsubsection=\count188
\c@paragraph=\count189
\c@subparagraph=\count190
\c@figure=\count191
\c@table=\count192
\abovecaptionskip=\skip48
\belowcaptionskip=\skip49
\bibindent=\dimen140
) (/usr/local/texlive/2023/texmf-dist/tex/latex/base/inputenc.sty
Package: inputenc 2021/02/14 v1.3d Input encoding file
\inpenc@prehook=\toks16
\inpenc@posthook=\toks17
) (/usr/local/texlive/2023/texmf-dist/tex/latex/graphics/graphicx.sty
Package: graphicx 2021/09/16 v1.2d Enhanced LaTeX Graphics (DPC,SPQR)
 (/usr/local/texlive/2023/texmf-dist/tex/latex/graphics/keyval.sty
Package: keyval 2022/05/29 v1.15 key=value parser (DPC)
\KV@toks@=\toks18
) (/usr/local/texlive/2023/texmf-dist/tex/latex/graphics/graphics.sty
Package: graphics 2022/03/10 v1.4e Standard LaTeX Graphics (DPC,SPQR)
 (/usr/local/texlive/2023/texmf-dist/tex/latex/graphics/trig.sty
Package: trig 2021/08/11 v1.11 sin cos tan (DPC)
) (/usr/local/texlive/2023/texmf-dist/tex/latex/graphics-cfg/graphics.cfg
File: graphics.cfg 2016/06/04 v1.11 sample graphics configuration
)
Package graphics Info: Driver file: pdftex.def on input line 107.
 (/usr/local/texlive/2023/texmf-dist/tex/latex/graphics-def/pdftex.def
File: pdftex.def 2022/09/22 v1.2b Graphics/color driver for pdftex
))
\Gin@req@height=\dimen141
\Gin@req@width=\dimen142
) (/usr/local/texlive/2023/texmf-dist/tex/latex/amsmath/amsmath.sty
Package: amsmath 2022/04/08 v2.17n AMS math features
\@mathmargin=\skip50

For additional information on amsmath, use the `?' option.
(/usr/local/texlive/2023/texmf-dist/tex/latex/amsmath/amstext.sty
Package: amstext 2021/08/26 v2.01 AMS text
 (/usr/local/texlive/2023/texmf-dist/tex/latex/amsmath/amsgen.sty
File: amsgen.sty 1999/11/30 v2.0 generic functions
\@emptytoks=\toks19
\ex@=\dimen143
)) (/usr/local/texlive/2023/texmf-dist/tex/latex/amsmath/amsbsy.sty
Package: amsbsy 1999/11/29 v1.2d Bold Symbols
\pmbraise@=\dimen144
) (/usr/local/texlive/2023/texmf-dist/tex/latex/amsmath/amsopn.sty
Package: amsopn 2022/04/08 v2.04 operator names
)
\inf@bad=\count193
LaTeX Info: Redefining \frac on input line 234.
\uproot@=\count194
\leftroot@=\count195
LaTeX Info: Redefining \overline on input line 399.
LaTeX Info: Redefining \colon on input line 410.
\classnum@=\count196
\DOTSCASE@=\count197
LaTeX Info: Redefining \ldots on input line 496.
LaTeX Info: Redefining \dots on input line 499.
LaTeX Info: Redefining \cdots on input line 620.
\Mathstrutbox@=\box51
\strutbox@=\box52
LaTeX Info: Redefining \big on input line 722.
LaTeX Info: Redefining \Big on input line 723.
LaTeX Info: Redefining \bigg on input line 724.
LaTeX Info: Redefining \Bigg on input line 725.
\big@size=\dimen145
LaTeX Font Info:    Redeclaring font encoding OML on input line 743.
LaTeX Font Info:    Redeclaring font encoding OMS on input line 744.
\macc@depth=\count198
LaTeX Info: Redefining \bmod on input line 905.
LaTeX Info: Redefining \pmod on input line 910.
LaTeX Info: Redefining \smash on input line 940.
LaTeX Info: Redefining \relbar on input line 970.
LaTeX Info: Redefining \Relbar on input line 971.
\c@MaxMatrixCols=\count199
\dotsspace@=\muskip16
\c@parentequation=\count266
\dspbrk@lvl=\count267
\tag@help=\toks20
\row@=\count268
\column@=\count269
\maxfields@=\count270
\andhelp@=\toks21
\eqnshift@=\dimen146
\alignsep@=\dimen147
\tagshift@=\dimen148
\tagwidth@=\dimen149
\totwidth@=\dimen150
\lineht@=\dimen151
\@envbody=\toks22
\multlinegap=\skip51
\multlinetaggap=\skip52
\mathdisplay@stack=\toks23
LaTeX Info: Redefining \[ on input line 2953.
LaTeX Info: Redefining \] on input line 2954.
) (/usr/local/texlive/2023/texmf-dist/tex/latex/amsfonts/amssymb.sty
Package: amssymb 2013/01/14 v3.01 AMS font symbols
 (/usr/local/texlive/2023/texmf-dist/tex/latex/amsfonts/amsfonts.sty
Package: amsfonts 2013/01/14 v3.01 Basic AMSFonts support
\symAMSa=\mathgroup4
\symAMSb=\mathgroup5
LaTeX Font Info:    Redeclaring math symbol \hbar on input line 98.
LaTeX Font Info:    Overwriting math alphabet `\mathfrak' in version `bold'
(Font)                  U/euf/m/n --> U/euf/b/n on input line 106.
)) (/usr/local/texlive/2023/texmf-dist/tex/latex/biblatex/biblatex.sty
Package: biblatex 2023/03/05 v3.19 programmable bibliographies (PK/MW)
 (/usr/local/texlive/2023/texmf-dist/tex/generic/pdftexcmds/pdftexcmds.sty
Package: pdftexcmds 2020-06-27 v0.33 Utility functions of pdfTeX for LuaTeX (HO)
 (/usr/local/texlive/2023/texmf-dist/tex/generic/infwarerr/infwarerr.sty
Package: infwarerr 2019/12/03 v1.5 Providing info/warning/error messages (HO)
) (/usr/local/texlive/2023/texmf-dist/tex/generic/iftex/iftex.sty
Package: iftex 2022/02/03 v1.0f TeX engine tests
) (/usr/local/texlive/2023/texmf-dist/tex/generic/ltxcmds/ltxcmds.sty
Package: ltxcmds 2020-05-10 v1.25 LaTeX kernel commands for general use (HO)
)
Package pdftexcmds Info: \pdf@primitive is available.
Package pdftexcmds Info: \pdf@ifprimitive is available.
Package pdftexcmds Info: \pdfdraftmode found.
) (/usr/local/texlive/2023/texmf-dist/tex/latex/etoolbox/etoolbox.sty
Package: etoolbox 2020/10/05 v2.5k e-TeX tools for LaTeX (JAW)
\etb@tempcnta=\count271
) (/usr/local/texlive/2023/texmf-dist/tex/latex/kvoptions/kvoptions.sty
Package: kvoptions 2022-06-15 v3.15 Key value format for package options (HO)
 (/usr/local/texlive/2023/texmf-dist/tex/latex/kvsetkeys/kvsetkeys.sty
Package: kvsetkeys 2022-10-05 v1.19 Key value parser (HO)
)) (/usr/local/texlive/2023/texmf-dist/tex/latex/logreq/logreq.sty
Package: logreq 2010/08/04 v1.0 xml request logger
\lrq@indent=\count272
 (/usr/local/texlive/2023/texmf-dist/tex/latex/logreq/logreq.def
File: logreq.def 2010/08/04 v1.0 logreq spec v1.0
)) (/usr/local/texlive/2023/texmf-dist/tex/latex/base/ifthen.sty
Package: ifthen 2022/04/13 v1.1d Standard LaTeX ifthen package (DPC)
) (/usr/local/texlive/2023/texmf-dist/tex/latex/url/url.sty
\Urlmuskip=\muskip17
Package: url 2013/09/16  ver 3.4  Verb mode for urls, etc.
)
\c@tabx@nest=\count273
\c@listtotal=\count274
\c@listcount=\count275
\c@liststart=\count276
\c@liststop=\count277
\c@citecount=\count278
\c@citetotal=\count279
\c@multicitecount=\count280
\c@multicitetotal=\count281
\c@instcount=\count282
\c@maxnames=\count283
\c@minnames=\count284
\c@maxitems=\count285
\c@minitems=\count286
\c@citecounter=\count287
\c@maxcitecounter=\count288
\c@savedcitecounter=\count289
\c@uniquelist=\count290
\c@uniquename=\count291
\c@refsection=\count292
\c@refsegment=\count293
\c@maxextratitle=\count294
\c@maxextratitleyear=\count295
\c@maxextraname=\count296
\c@maxextradate=\count297
\c@maxextraalpha=\count298
\c@abbrvpenalty=\count299
\c@highnamepenalty=\count300
\c@lownamepenalty=\count301
\c@maxparens=\count302
\c@parenlevel=\count303
\blx@tempcnta=\count304
\blx@tempcntb=\count305
\blx@tempcntc=\count306
\c@blx@maxsection=\count307
\blx@maxsegment@0=\count308
\blx@notetype=\count309
\blx@parenlevel@text=\count310
\blx@parenlevel@foot=\count311
\blx@sectionciteorder@0=\count312
\blx@sectionciteorderinternal@0=\count313
\blx@entrysetcounter=\count314
\blx@biblioinstance=\count315
\labelnumberwidth=\skip53
\labelalphawidth=\skip54
\biblabelsep=\skip55
\bibitemsep=\skip56
\bibnamesep=\skip57
\bibinitsep=\skip58
\bibparsep=\skip59
\bibhang=\skip60
\blx@bcfin=\read2
\blx@bcfout=\write3
\blx@langwohyphens=\language87
\c@mincomprange=\count316
\c@maxcomprange=\count317
\c@mincompwidth=\count318
Package biblatex Info: Trying to load biblatex default data model...
Package biblatex Info: ... file 'blx-dm.def' found.
 (/usr/local/texlive/2023/texmf-dist/tex/latex/biblatex/blx-dm.def
File: blx-dm.def 2023/03/05 v3.19 biblatex localization (PK/MW)
)
Package biblatex Info: Trying to load biblatex style data model...
Package biblatex Info: ... file 'numeric.dbx' not found.
Package biblatex Info: Trying to load biblatex custom data model...
Package biblatex Info: ... file 'biblatex-dm.cfg' not found.
\c@afterword=\count319
\c@savedafterword=\count320
\c@annotator=\count321
\c@savedannotator=\count322
\c@author=\count323
\c@savedauthor=\count324
\c@bookauthor=\count325
\c@savedbookauthor=\count326
\c@commentator=\count327
\c@savedcommentator=\count328
\c@editor=\count329
\c@savededitor=\count330
\c@editora=\count331
\c@savededitora=\count332
\c@editorb=\count333
\c@savededitorb=\count334
\c@editorc=\count335
\c@savededitorc=\count336
\c@foreword=\count337
\c@savedforeword=\count338
\c@holder=\count339
\c@savedholder=\count340
\c@introduction=\count341
\c@savedintroduction=\count342
\c@namea=\count343
\c@savednamea=\count344
\c@nameb=\count345
\c@savednameb=\count346
\c@namec=\count347
\c@savednamec=\count348
\c@translator=\count349
\c@savedtranslator=\count350
\c@shortauthor=\count351
\c@savedshortauthor=\count352
\c@shorteditor=\count353
\c@savedshorteditor=\count354
\c@labelname=\count355
\c@savedlabelname=\count356
\c@institution=\count357
\c@savedinstitution=\count358
\c@lista=\count359
\c@savedlista=\count360
\c@listb=\count361
\c@savedlistb=\count362
\c@listc=\count363
\c@savedlistc=\count364
\c@listd=\count365
\c@savedlistd=\count366
\c@liste=\count367
\c@savedliste=\count368
\c@listf=\count369
\c@savedlistf=\count370
\c@location=\count371
\c@savedlocation=\count372
\c@organization=\count373
\c@savedorganization=\count374
\c@origlocation=\count375
\c@savedoriglocation=\count376
\c@origpublisher=\count377
\c@savedorigpublisher=\count378
\c@publisher=\count379
\c@savedpublisher=\count380
\c@language=\count381
\c@savedlanguage=\count382
\c@origlanguage=\count383
\c@savedoriglanguage=\count384
\c@pageref=\count385
\c@savedpageref=\count386
\shorthandwidth=\skip61
\shortjournalwidth=\skip62
\shortserieswidth=\skip63
\shorttitlewidth=\skip64
\shortauthorwidth=\skip65
\shorteditorwidth=\skip66
\locallabelnumberwidth=\skip67
\locallabelalphawidth=\skip68
\localshorthandwidth=\skip69
\localshortjournalwidth=\skip70
\localshortserieswidth=\skip71
\localshorttitlewidth=\skip72
\localshortauthorwidth=\skip73
\localshorteditorwidth=\skip74
Package biblatex Info: Trying to load compatibility code...
Package biblatex Info: ... file 'blx-compat.def' found.
 (/usr/local/texlive/2023/texmf-dist/tex/latex/biblatex/blx-compat.def
File: blx-compat.def 2023/03/05 v3.19 biblatex compatibility (PK/MW)
)
Package biblatex Info: Trying to load generic definitions...
Package biblatex Info: ... file 'biblatex.def' found.
 (/usr/local/texlive/2023/texmf-dist/tex/latex/biblatex/biblatex.def
File: biblatex.def 2023/03/05 v3.19 biblatex compatibility (PK/MW)
\c@textcitecount=\count387
\c@textcitetotal=\count388
\c@textcitemaxnames=\count389
\c@biburlbigbreakpenalty=\count390
\c@biburlbreakpenalty=\count391
\c@biburlnumpenalty=\count392
\c@biburlucpenalty=\count393
\c@biburllcpenalty=\count394
\biburlbigskip=\muskip18
\biburlnumskip=\muskip19
\biburlucskip=\muskip20
\biburllcskip=\muskip21
\c@smartand=\count395
)
Package biblatex Info: Trying to load bibliography style 'numeric'...
Package biblatex Info: ... file 'numeric.bbx' found.
 (/usr/local/texlive/2023/texmf-dist/tex/latex/biblatex/bbx/numeric.bbx
File: numeric.bbx 2023/03/05 v3.19 biblatex bibliography style (PK/MW)
Package biblatex Info: Trying to load bibliography style 'standard'...
Package biblatex Info: ... file 'standard.bbx' found.
 (/usr/local/texlive/2023/texmf-dist/tex/latex/biblatex/bbx/standard.bbx
File: standard.bbx 2023/03/05 v3.19 biblatex bibliography style (PK/MW)
\c@bbx:relatedcount=\count396
\c@bbx:relatedtotal=\count397
))
Package biblatex Info: Trying to load citation style 'numeric'...
Package biblatex Info: ... file 'numeric.cbx' found.
 (/usr/local/texlive/2023/texmf-dist/tex/latex/biblatex/cbx/numeric.cbx
File: numeric.cbx 2023/03/05 v3.19 biblatex citation style (PK/MW)
Package biblatex Info: Redefining '\cite'.
Package biblatex Info: Redefining '\parencite'.
Package biblatex Info: Redefining '\footcite'.
Package biblatex Info: Redefining '\footcitetext'.
Package biblatex Info: Redefining '\smartcite'.
Package biblatex Info: Redefining '\supercite'.
Package biblatex Info: Redefining '\textcite'.
Package biblatex Info: Redefining '\textcites'.
Package biblatex Info: Redefining '\cites'.
Package biblatex Info: Redefining '\parencites'.
Package biblatex Info: Redefining '\smartcites'.
)
Package biblatex Info: Trying to load configuration file...
Package biblatex Info: ... file 'biblatex.cfg' found.
 (/usr/local/texlive/2023/texmf-dist/tex/latex/biblatex/biblatex.cfg
File: biblatex.cfg 
)
Package biblatex Info: Input encoding 'utf8' detected.
Package biblatex Info: Document encoding is UTF8 ....
 (/usr/local/texlive/2023/texmf-dist/tex/latex/l3kernel/expl3.sty
Package: expl3 2023-02-22 L3 programming layer (loader) 
 (/usr/local/texlive/2023/texmf-dist/tex/latex/l3backend/l3backend-pdftex.def
File: l3backend-pdftex.def 2023-01-16 L3 backend support: PDF output (pdfTeX)
\l__color_backend_stack_int=\count398
\l__pdf_internal_box=\box53
))
Package biblatex Info: ... and expl3
(biblatex)             2023-02-22 L3 programming layer (loader) 
(biblatex)             is new enough (at least 2020/04/06),
(biblatex)             setting 'casechanger=expl3'.
 (/usr/local/texlive/2023/texmf-dist/tex/latex/biblatex/blx-case-expl3.sty (/usr/local/texlive/2023/texmf-dist/tex/latex/l3packages/xparse/xparse.sty
Package: xparse 2023-02-02 L3 Experimental document command parser
)
Package: blx-case-expl3 2023/03/05 v3.19 expl3 case changing code for biblatex
))
\@quotelevel=\count399
\@quotereset=\count400
 (./mpr.aux)
\openout1 = `mpr.aux'.

LaTeX Font Info:    Checking defaults for OML/cmm/m/it on input line 22.
LaTeX Font Info:    ... okay on input line 22.
LaTeX Font Info:    Checking defaults for OMS/cmsy/m/n on input line 22.
LaTeX Font Info:    ... okay on input line 22.
LaTeX Font Info:    Checking defaults for OT1/cmr/m/n on input line 22.
LaTeX Font Info:    ... okay on input line 22.
LaTeX Font Info:    Checking defaults for T1/cmr/m/n on input line 22.
LaTeX Font Info:    ... okay on input line 22.
LaTeX Font Info:    Checking defaults for TS1/cmr/m/n on input line 22.
LaTeX Font Info:    ... okay on input line 22.
LaTeX Font Info:    Checking defaults for OMX/cmex/m/n on input line 22.
LaTeX Font Info:    ... okay on input line 22.
LaTeX Font Info:    Checking defaults for U/cmr/m/n on input line 22.
LaTeX Font Info:    ... okay on input line 22.
 (/usr/local/texlive/2023/texmf-dist/tex/context/base/mkii/supp-pdf.mkii
[Loading MPS to PDF converter (version 2006.09.02).]
\scratchcounter=\count401
\scratchdimen=\dimen152
\scratchbox=\box54
\nofMPsegments=\count402
\nofMParguments=\count403
\everyMPshowfont=\toks24
\MPscratchCnt=\count404
\MPscratchDim=\dimen153
\MPnumerator=\count405
\makeMPintoPDFobject=\count406
\everyMPtoPDFconversion=\toks25
) (/usr/local/texlive/2023/texmf-dist/tex/latex/epstopdf-pkg/epstopdf-base.sty
Package: epstopdf-base 2020-01-24 v2.11 Base part for package epstopdf
Package epstopdf-base Info: Redefining graphics rule for `.eps' on input line 485.
 (/usr/local/texlive/2023/texmf-dist/tex/latex/latexconfig/epstopdf-sys.cfg
File: epstopdf-sys.cfg 2010/07/13 v1.3 Configuration of (r)epstopdf for TeX Live
))
Package biblatex Info: Trying to load language 'english'...
Package biblatex Info: ... file 'english.lbx' found.
 (/usr/local/texlive/2023/texmf-dist/tex/latex/biblatex/lbx/english.lbx
File: english.lbx 2023/03/05 v3.19 biblatex localization (PK/MW)
)
Package biblatex Info: Input encoding 'utf8' detected.
Package biblatex Info: Automatic encoding selection.
(biblatex)             Assuming data encoding 'utf8'.
\openout3 = `mpr.bcf'.

Package biblatex Info: Trying to load bibliographic data...
Package biblatex Info: ... file 'mpr.bbl' found.
 (./mpr.bbl

Package biblatex Warning: The following entry could not be found
(biblatex)                in the database:
(biblatex)                witte2017statistics
(biblatex)                Please verify the spelling and rerun
(biblatex)                LaTeX afterwards.

)
Package biblatex Info: Reference section=0 on input line 22.
Package biblatex Info: Reference segment=0 on input line 22.
LaTeX Font Info:    Trying to load font information for U+msa on input line 24.
 (/usr/local/texlive/2023/texmf-dist/tex/latex/amsfonts/umsa.fd
File: umsa.fd 2013/01/14 v3.01 AMS symbols A
)
LaTeX Font Info:    Trying to load font information for U+msb on input line 24.
 (/usr/local/texlive/2023/texmf-dist/tex/latex/amsfonts/umsb.fd
File: umsb.fd 2013/01/14 v3.01 AMS symbols B
) [1

{/usr/local/texlive/2023/texmf-var/fonts/map/pdftex/updmap/pdftex.map}] (./mpr.toc)
\tf@toc=\write4
\openout4 = `mpr.toc'.

 [2]
Underfull \hbox (badness 10000) in paragraph at lines 34--94

 []


Underfull \hbox (badness 10000) in paragraph at lines 34--94

 []


Underfull \hbox (badness 10000) in paragraph at lines 34--94

 []


Underfull \hbox (badness 10000) in paragraph at lines 34--94

 []


Underfull \hbox (badness 10000) in paragraph at lines 34--94

 []


Underfull \hbox (badness 10000) in paragraph at lines 34--94

 []


Underfull \hbox (badness 10000) in paragraph at lines 34--94

 []


Underfull \hbox (badness 10000) in paragraph at lines 34--94

 []


Underfull \hbox (badness 10000) in paragraph at lines 34--94

 []


Underfull \hbox (badness 10000) in paragraph at lines 34--94

 []


Underfull \hbox (badness 10000) in paragraph at lines 34--94

 []


Underfull \hbox (badness 10000) in paragraph at lines 34--94

 []


Underfull \hbox (badness 10000) in paragraph at lines 34--94

 []


Underfull \hbox (badness 10000) in paragraph at lines 34--94

 []

[3] [4{/usr/local/texlive/2023/texmf-dist/fonts/enc/dvips/cm-super/cm-super-ts1.enc}]
Underfull \hbox (badness 10000) in paragraph at lines 104--111

 []


Underfull \hbox (badness 10000) in paragraph at lines 104--111

 []


Underfull \hbox (badness 10000) in paragraph at lines 116--121

 []


Underfull \hbox (badness 10000) in paragraph at lines 122--149

 []


Underfull \hbox (badness 10000) in paragraph at lines 122--149

 []


Underfull \hbox (badness 10000) in paragraph at lines 122--149

 []


Underfull \hbox (badness 10000) in paragraph at lines 122--149

 []


Underfull \hbox (badness 10000) in paragraph at lines 122--149

 []


Underfull \hbox (badness 10000) in paragraph at lines 122--149

 []

[5]
Underfull \hbox (badness 10000) in paragraph at lines 154--159

 []


Underfull \hbox (badness 10000) in paragraph at lines 170--179

 []


Underfull \hbox (badness 10000) in paragraph at lines 170--179

 []

[6]
Underfull \hbox (badness 10000) in paragraph at lines 184--190

 []


Underfull \hbox (badness 10000) in paragraph at lines 197--203

 []

[7]
Underfull \hbox (badness 10000) in paragraph at lines 208--214

 []


LaTeX Warning: Citation 'witte2017statistics' on page 8 undefined on input line 219.


Overfull \hbox (20.41641pt too wide) in paragraph at lines 215--220
\OT1/cmr/m/n/12 The goal of Mul-ti-ple Lin-ear Re-gres-sion is to es-ti-mate the pa-ram-e-ters $\OML/cmm/m/it/12 ^^L[]; ^^L[]; [] ; ^^L[]$
 []


Underfull \hbox (badness 10000) in paragraph at lines 225--236

 []


Underfull \hbox (badness 10000) in paragraph at lines 225--236

 []


Underfull \hbox (badness 10000) in paragraph at lines 241--246

 []

[8]
Underfull \hbox (badness 10000) in paragraph at lines 254--271

 []


Underfull \hbox (badness 10000) in paragraph at lines 254--271

 []


Underfull \hbox (badness 10000) in paragraph at lines 254--271

 []


Underfull \hbox (badness 10000) in paragraph at lines 254--271

 []


Underfull \hbox (badness 10000) in paragraph at lines 254--271

 []


Underfull \hbox (badness 10000) in paragraph at lines 254--271

 []


Underfull \hbox (badness 10000) in paragraph at lines 276--281

 []

[9]
Underfull \hbox (badness 10000) in paragraph at lines 282--287

 []


Underfull \hbox (badness 10000) in paragraph at lines 292--303

 []


Underfull \hbox (badness 10000) in paragraph at lines 292--303

 []

[10]
Underfull \hbox (badness 10000) in paragraph at lines 330--355

 []


Underfull \hbox (badness 10000) in paragraph at lines 330--355

 []


Underfull \hbox (badness 10000) in paragraph at lines 330--355

 []


Underfull \hbox (badness 10000) in paragraph at lines 330--355

 []


Underfull \hbox (badness 10000) in paragraph at lines 330--355

 []


Underfull \hbox (badness 10000) in paragraph at lines 330--355

 []

[11]
Underfull \hbox (badness 10000) in paragraph at lines 359--371

 []


Underfull \hbox (badness 10000) in paragraph at lines 359--371

 []

[12]
Underfull \hbox (badness 10000) in paragraph at lines 390--399

 []

[13]
<shift.png, id=55, 982.67125pt x 486.81876pt>
File: shift.png Graphic file (type png)
<use shift.png>
Package pdftex.def Info: shift.png  used on input line 420.
(pdftex.def)             Requested size: 390.0pt x 193.20868pt.

Underfull \hbox (badness 10000) in paragraph at lines 428--432

 []


Underfull \hbox (badness 10000) in paragraph at lines 437--442

 []

[14 <./shift.png>]
Underfull \hbox (badness 10000) in paragraph at lines 448--454

 []


Underfull \hbox (badness 10000) in paragraph at lines 448--454

 []


Underfull \hbox (badness 10000) in paragraph at lines 455--461

 []


Underfull \hbox (badness 10000) in paragraph at lines 455--461

 []


Underfull \hbox (badness 10000) in paragraph at lines 466--469

 []

[15]
Underfull \hbox (badness 10000) in paragraph at lines 476--498

 []


Underfull \hbox (badness 10000) in paragraph at lines 476--498

 []


Underfull \hbox (badness 10000) in paragraph at lines 476--498

 []


Underfull \hbox (badness 10000) in paragraph at lines 476--498

 []


Overfull \hbox (68.46375pt too wide) detected at line 500
[]\OML/cmm/m/it/12 y\OT1/cmr/m/n/12 (\OML/cmm/m/it/12 t\OT1/cmr/m/n/12 ) = \OML/cmm/m/it/12 h[] \OT1/cmr/m/n/12 + [] [][] [][] [] [][] \OML/cmm/m/it/12 h[]\OT1/cmr/m/n/12 (\OML/cmm/m/it/12 ^^\[]; ^^\[]; [] ; ^^\[]\OT1/cmr/m/n/12 )\OML/cmm/m/it/12 x\OT1/cmr/m/n/12 (\OML/cmm/m/it/12 t \OMS/cmsy/m/n/12 ^^@ \OML/cmm/m/it/12 ^^\[]\OT1/cmr/m/n/12 )\OML/cmm/m/it/12 x\OT1/cmr/m/n/12 (\OML/cmm/m/it/12 t \OMS/cmsy/m/n/12 ^^@ \OML/cmm/m/it/12 ^^\[]\OT1/cmr/m/n/12 ) [] \OML/cmm/m/it/12 x\OT1/cmr/m/n/12 (\OML/cmm/m/it/12 t \OMS/cmsy/m/n/12 ^^@ \OML/cmm/m/it/12 ^^\[]\OT1/cmr/m/n/12 ) \OML/cmm/m/it/12 d^^\[] d^^\[] [] d^^\[];
 []


Underfull \hbox (badness 10000) in paragraph at lines 500--505

 []


Underfull \hbox (badness 10000) in paragraph at lines 506--517

 []


Underfull \hbox (badness 10000) in paragraph at lines 506--517

 []


Underfull \hbox (badness 10000) in paragraph at lines 506--517

 []


Underfull \hbox (badness 10000) in paragraph at lines 506--517

 []

[16]
Underfull \hbox (badness 10000) in paragraph at lines 521--522

 []


Underfull \hbox (badness 10000) in paragraph at lines 524--526

 []


Underfull \hbox (badness 10000) in paragraph at lines 527--545

 []


Underfull \hbox (badness 10000) in paragraph at lines 527--545

 []


Underfull \hbox (badness 10000) in paragraph at lines 527--545

 []

[17]
Underfull \hbox (badness 10000) in paragraph at lines 547--554

 []


Underfull \hbox (badness 10000) in paragraph at lines 556--564

 []


Underfull \hbox (badness 10000) in paragraph at lines 566--586

 []


Underfull \hbox (badness 10000) in paragraph at lines 566--586

 []


Underfull \hbox (badness 10000) in paragraph at lines 566--586

 []

[18]
Underfull \hbox (badness 10000) in paragraph at lines 587--603

 []

<nn.png, id=73, 715.67375pt x 270.00874pt>
File: nn.png Graphic file (type png)
<use nn.png>
Package pdftex.def Info: nn.png  used on input line 606.
(pdftex.def)             Requested size: 312.00119pt x 117.7124pt.

Underfull \hbox (badness 10000) in paragraph at lines 611--615

 []


Underfull \hbox (badness 10000) in paragraph at lines 611--615

 []


Underfull \hbox (badness 10000) in paragraph at lines 616--633

 []


Underfull \hbox (badness 10000) in paragraph at lines 616--633

 []


Underfull \hbox (badness 10000) in paragraph at lines 616--633

 []


Underfull \hbox (badness 10000) in paragraph at lines 616--633

 []

[19]
Underfull \hbox (badness 10000) in paragraph at lines 635--640

 []

[20 <./nn.png>]
Underfull \hbox (badness 10000) in paragraph at lines 641--645

 []


Underfull \hbox (badness 10000) in paragraph at lines 647--657

 []


Underfull \hbox (badness 10000) in paragraph at lines 647--657

 []


Underfull \hbox (badness 10000) in paragraph at lines 659--661

 []

[21]
Underfull \hbox (badness 10000) in paragraph at lines 687--693

 []


Underfull \hbox (badness 10000) in paragraph at lines 701--703

 []


Underfull \hbox (badness 10000) in paragraph at lines 704--720

 []


Underfull \hbox (badness 10000) in paragraph at lines 704--720

 []


Underfull \hbox (badness 10000) in paragraph at lines 704--720

 []


Underfull \hbox (badness 10000) in paragraph at lines 704--720

 []


Underfull \hbox (badness 10000) in paragraph at lines 704--720

 []

[22]
Underfull \hbox (badness 10000) in paragraph at lines 724--725

 []


Underfull \hbox (badness 10000) in paragraph at lines 742--758

 []


Underfull \hbox (badness 10000) in paragraph at lines 742--758

 []


Underfull \hbox (badness 10000) in paragraph at lines 742--758

 []

[23]
Underfull \hbox (badness 10000) in paragraph at lines 763--771

 []


Underfull \hbox (badness 10000) in paragraph at lines 763--771

 []


Underfull \hbox (badness 10000) in paragraph at lines 774--781

 []

[24]
Underfull \hbox (badness 10000) in paragraph at lines 786--794

 []


Underfull \hbox (badness 10000) in paragraph at lines 804--826

 []


Underfull \hbox (badness 10000) in paragraph at lines 804--826

 []


Underfull \hbox (badness 10000) in paragraph at lines 804--826

 []


Underfull \hbox (badness 10000) in paragraph at lines 804--826

 []

[25]
Underfull \hbox (badness 10000) in paragraph at lines 831--844

 []


Underfull \hbox (badness 10000) in paragraph at lines 831--844

 []


Underfull \hbox (badness 10000) in paragraph at lines 831--844

 []


Underfull \hbox (badness 10000) in paragraph at lines 849--860

 []


Underfull \hbox (badness 10000) in paragraph at lines 849--860

 []

[26]
Underfull \hbox (badness 10000) in paragraph at lines 862--877

 []


Underfull \hbox (badness 10000) in paragraph at lines 862--877

 []


Underfull \hbox (badness 10000) in paragraph at lines 862--877

 []


Underfull \hbox (badness 10000) in paragraph at lines 885--890

 []

[27]
Underfull \hbox (badness 10000) in paragraph at lines 892--904

 []


Underfull \hbox (badness 10000) in paragraph at lines 892--904

 []


Underfull \hbox (badness 10000) in paragraph at lines 892--904

 []


Underfull \hbox (badness 10000) in paragraph at lines 906--917

 []


Underfull \hbox (badness 10000) in paragraph at lines 906--917

 []

[28]
Overfull \hbox (1.33205pt too wide) in paragraph at lines 926--958
\OT1/cmr/m/n/12 Network mod-els are math-e-mat-i-cal rep-re-sen-ta-tions of so-cial or re-la-tional struc-
 []


Underfull \hbox (badness 10000) in paragraph at lines 926--958

 []


Underfull \hbox (badness 10000) in paragraph at lines 926--958

 []


Underfull \hbox (badness 10000) in paragraph at lines 926--958

 []


Underfull \hbox (badness 10000) in paragraph at lines 926--958

 []


Underfull \hbox (badness 10000) in paragraph at lines 926--958

 []

[29]
Underfull \hbox (badness 10000) in paragraph at lines 964--979

 []


Underfull \hbox (badness 10000) in paragraph at lines 964--979

 []

[30]
Overfull \hbox (6.45853pt too wide) in paragraph at lines 981--981
\OT1/cmr/m/it/12 TIS-TI-CAL ANAL-Y-SIS AND DATA MIN-ING \OT1/cmr/m/n/12 10.6 (Dec. 2017), pp. 410{
 []


Overfull \hbox (0.32695pt too wide) in paragraph at lines 981--981
[]\OT1/cmr/m/n/12 Miquel Ferriol-Galmes et al. ``RouteNet-Fermi: Net-work Mod-el-ing With
 []


Overfull \hbox (6.1699pt too wide) in paragraph at lines 981--981
\OT1/cmr/m/n/12 for Eco-nomic Fore-cast-ing''. En-glish. In: \OT1/cmr/m/it/12 PRO-CEED-INGS OF 2020 23RD
 []

[31]
Overfull \hbox (11.65134pt too wide) in paragraph at lines 981--981
\OT1/cmr/m/n/12 In: \OT1/cmr/m/it/12 MORATUWA EN-GI-NEER-ING RE-SEARCH CON-FER-ENCE (MER-
 []


Overfull \hbox (5.35278pt too wide) in paragraph at lines 981--981
\OT1/cmr/m/it/12 GI-NEER-ING RE-SEARCH CON-FER-ENCE\OT1/cmr/m/n/12 . Moratuwa En-gi-neer-ing Re-
 []


Overfull \hbox (10.67564pt too wide) in paragraph at lines 981--981
\OT1/cmr/m/n/12 gi-neer-ing Re-search Con-fer-ence, Univ Moratuwa, Moratuwa, SRI LANKA,
 []


Overfull \hbox (30.05142pt too wide) in paragraph at lines 981--981
\OT1/cmr/m/n/12 9781598295764. \OT1/cmr/m/sc/12 url\OT1/cmr/m/n/12 : $\OT1/cmtt/m/n/12 https : / / books . google . sk / books ? id = 6bJeAQAAQBAJ$\OT1/cmr/m/n/12 . 
 []

[32] [33] (./mpr.aux)
Package logreq Info: Writing requests to 'mpr.run.xml'.
\openout1 = `mpr.run.xml'.

 ) 
Here is how much of TeX's memory you used:
 10812 strings out of 476025
 202638 string characters out of 5790017
 1860388 words of memory out of 5000000
 31163 multiletter control sequences out of 15000+600000
 523132 words of font info for 73 fonts, out of 8000000 for 9000
 1141 hyphenation exceptions out of 8191
 63i,6n,68p,3741b,1370s stack positions out of 10000i,1000n,20000p,200000b,200000s
</usr/local/texlive/2023/texmf-dist/fonts/type1/public/amsfonts/cm/cmbx12.pfb></usr/local/texlive/2023/texmf-dist/fonts/type1/public/amsfonts/cm/cmcsc10.pfb></usr/local/texlive/2023/texmf-dist/fonts/type1/public/amsfonts/cm/cmex10.pfb></usr/local/texlive/2023/texmf-dist/fonts/type1/public/amsfonts/cm/cmmi12.pfb></usr/local/texlive/2023/texmf-dist/fonts/type1/public/amsfonts/cm/cmmi6.pfb></usr/local/texlive/2023/texmf-dist/fonts/type1/public/amsfonts/cm/cmmi8.pfb></usr/local/texlive/2023/texmf-dist/fonts/type1/public/amsfonts/cm/cmr12.pfb></usr/local/texlive/2023/texmf-dist/fonts/type1/public/amsfonts/cm/cmr6.pfb></usr/local/texlive/2023/texmf-dist/fonts/type1/public/amsfonts/cm/cmr8.pfb></usr/local/texlive/2023/texmf-dist/fonts/type1/public/amsfonts/cm/cmsy10.pfb></usr/local/texlive/2023/texmf-dist/fonts/type1/public/amsfonts/cm/cmsy8.pfb></usr/local/texlive/2023/texmf-dist/fonts/type1/public/amsfonts/cm/cmti12.pfb></usr/local/texlive/2023/texmf-dist/fonts/type1/public/amsfonts/cm/cmtt12.pfb></usr/local/texlive/2023/texmf-dist/fonts/type1/public/amsfonts/symbols/msbm10.pfb></usr/local/texlive/2023/texmf-dist/fonts/type1/public/cm-super/sfrm1200.pfb>
Output written on mpr.pdf (33 pages, 324835 bytes).
PDF statistics:
 192 PDF objects out of 1000 (max. 8388607)
 121 compressed objects within 2 object streams
 0 named destinations out of 1000 (max. 500000)
 11 words of extra memory for PDF output out of 10000 (max. 10000000)

